<?xml version="1.0" encoding="UTF-8"?>
<!-- Generated by org.testng.reporters.JUnitXMLReporter -->
<testsuite hostname="PG168" ignored="0" name="Integra Test" tests="1" failures="1" timestamp="06 May 2019 05:48:36 GMT" time="66.604" errors="0">
  <testcase name="validate_ParticipantPage_Title" time="0.037" classname="com.integra.testscript.CreateNewParticipant_TestScript">
    <failure type="java.lang.NullPointerException">
      <![CDATA[java.lang.NullPointerException
	at com.integra.testscript.CreateNewParticipant_TestScript.validate_ParticipantPage_Title(CreateNewParticipant_TestScript.java:41)
... Removed 25 stack frames]]>
    </failure>
  </testcase> <!-- validate_ParticipantPage_Title -->
</testsuite> <!-- Integra Test -->
