<?xml version="1.0" encoding="UTF-8"?>
<!-- Generated by org.testng.reporters.JUnitXMLReporter -->
<testsuite hostname="PG168" ignored="0" name="Default test" tests="4" failures="1" timestamp="08 May 2019 11:59:25 GMT" time="93.129" errors="0">
  <testcase name="validate_ParticipantPage_Title" time="2.946" classname="com.integra.testscript.CreateNewParticipant_TestScript"/>
  <testcase name="verify_Participant_pageBody" time="6.124" classname="com.integra.testscript.CreateNewParticipant_TestScript"/>
  <testcase name="Participant_ErrorMessage" time="9.853" classname="com.integra.testscript.CreateNewParticipant_TestScript"/>
  <testcase name="Create_Participant_Profile" time="1.076" classname="com.integra.testscript.CreateNewParticipant_TestScript">
    <failure type="org.testng.internal.reflect.MethodMatcherException" message="
Data provider mismatch
Method: Create_Participant_Profile([Parameter{index=0, type=java.lang.String, declaredAnnotations=[]}])
Arguments: [(java.lang.String)95632654,(java.lang.String)ACTIVE G2B,(java.lang.String)REGION3,(java.lang.String)2,(java.lang.String)1,(java.lang.String)Automate Participant,(java.lang.String)AP,(java.lang.String)Automate_Participant,(java.lang.String)3,(java.lang.String)Other,(java.lang.String)Integra,(java.lang.String)Yes.Torres Strait Islander,(java.lang.String)Automation script Created by punit shah,(java.lang.String)bosten street,(java.lang.String)SA,(java.lang.String)Barossa Light and Lower Northern,(java.lang.String)bosten,(java.lang.String)3052,(java.lang.String)9856236521,(java.lang.String)6956326545,(java.lang.String)shahpunit63@gmail.com]">
      <![CDATA[org.testng.internal.reflect.MethodMatcherException: 
Data provider mismatch
Method: Create_Participant_Profile([Parameter{index=0, type=java.lang.String, declaredAnnotations=[]}])
Arguments: [(java.lang.String)95632654,(java.lang.String)ACTIVE G2B,(java.lang.String)REGION3,(java.lang.String)2,(java.lang.String)1,(java.lang.String)Automate Participant,(java.lang.String)AP,(java.lang.String)Automate_Participant,(java.lang.String)3,(java.lang.String)Other,(java.lang.String)Integra,(java.lang.String)Yes.Torres Strait Islander,(java.lang.String)Automation script Created by punit shah,(java.lang.String)bosten street,(java.lang.String)SA,(java.lang.String)Barossa Light and Lower Northern,(java.lang.String)bosten,(java.lang.String)3052,(java.lang.String)9856236521,(java.lang.String)6956326545,(java.lang.String)shahpunit63@gmail.com]
	at org.testng.internal.reflect.DataProviderMethodMatcher.getConformingArguments(DataProviderMethodMatcher.java:49)
	at org.testng.internal.Invoker.injectParameters(Invoker.java:1293)
	at org.testng.internal.Invoker.invokeTestMethods(Invoker.java:1187)
	at org.testng.internal.TestMethodWorker.invokeTestMethods(TestMethodWorker.java:126)
	at org.testng.internal.TestMethodWorker.run(TestMethodWorker.java:109)
	at org.testng.TestRunner.privateRun(TestRunner.java:744)
	at org.testng.TestRunner.run(TestRunner.java:602)
	at org.testng.SuiteRunner.runTest(SuiteRunner.java:380)
	at org.testng.SuiteRunner.runSequentially(SuiteRunner.java:375)
	at org.testng.SuiteRunner.privateRun(SuiteRunner.java:340)
	at org.testng.SuiteRunner.run(SuiteRunner.java:289)
	at org.testng.SuiteRunnerWorker.runSuite(SuiteRunnerWorker.java:52)
	at org.testng.SuiteRunnerWorker.run(SuiteRunnerWorker.java:86)
	at org.testng.TestNG.runSuitesSequentially(TestNG.java:1301)
	at org.testng.TestNG.runSuitesLocally(TestNG.java:1226)
	at org.testng.TestNG.runSuites(TestNG.java:1144)
	at org.testng.TestNG.run(TestNG.java:1115)
	at org.testng.remote.AbstractRemoteTestNG.run(AbstractRemoteTestNG.java:114)
	at org.testng.remote.RemoteTestNG.initAndRun(RemoteTestNG.java:251)
	at org.testng.remote.RemoteTestNG.main(RemoteTestNG.java:77)
]]>
    </failure>
  </testcase> <!-- Create_Participant_Profile -->
</testsuite> <!-- Default test -->
